19/06/2026 13:06:13	This log contains information about the import schema operation into project 'AppDb.Database' on computer 'ASHISH' by user 'ashis'.
19/06/2026 13:06:13	Import of database schema has started.
19/06/2026 13:06:24	Gathering database credentials
19/06/2026 13:06:24	Gathering database options
19/06/2026 13:06:24	Gathering generic database scoped configuration option
19/06/2026 13:06:24	Gathering users
19/06/2026 13:06:24	Gathering roles
19/06/2026 13:06:24	Gathering application roles
19/06/2026 13:06:24	Gathering role memberships
19/06/2026 13:06:24	Gathering filegroups
19/06/2026 13:06:24	Gathering full-text catalogs
19/06/2026 13:06:24	Gathering assemblies
19/06/2026 13:06:24	Gathering certificates
19/06/2026 13:06:24	Gathering asymmetric keys
19/06/2026 13:06:24	Gathering symmetric keys
19/06/2026 13:06:24	Gathering encrypted symmetric keys
19/06/2026 13:06:24	Gathering schemas
19/06/2026 13:06:24	Gathering XML schema collections
19/06/2026 13:06:24	Gathering user-defined data types
19/06/2026 13:06:24	Gathering user-defined types
19/06/2026 13:06:24	Gathering table types
19/06/2026 13:06:24	Gathering unique keys for table types
19/06/2026 13:06:24	Gathering primary keys for table types
19/06/2026 13:06:24	Gathering indexes for table types
19/06/2026 13:06:24	Gathering check constraints for table types
19/06/2026 13:06:24	Gathering default constraints for table types
19/06/2026 13:06:24	Gathering partition functions
19/06/2026 13:06:24	Gathering partition schemes
19/06/2026 13:06:24	Gathering functions
19/06/2026 13:06:24	Gathering encrypted functions
19/06/2026 13:06:24	Gathering aggregates
19/06/2026 13:06:24	Gathering procedures
19/06/2026 13:06:24	Gathering encrypted procedures
19/06/2026 13:06:24	Gathering tables
19/06/2026 13:06:24	Gathering primary keys
19/06/2026 13:06:24	Gathering unique constraints
19/06/2026 13:06:24	Gathering foreign keys
19/06/2026 13:06:24	Gathering default constraints
19/06/2026 13:06:24	Gathering check constraints
19/06/2026 13:06:24	Gathering views
19/06/2026 13:06:24	Gathering encrypted views
19/06/2026 13:06:24	Gathering indexes
19/06/2026 13:06:24	Gathering statistics
19/06/2026 13:06:24	Gathering full-text index stoplists
19/06/2026 13:06:24	Gathering search property lists
19/06/2026 13:06:24	Gathering search properties
19/06/2026 13:06:24	Gathering full-text indexes
19/06/2026 13:06:24	Gathering column store indexes
19/06/2026 13:06:24	Gathering spatial indexes
19/06/2026 13:06:24	Gathering XML indexes
19/06/2026 13:06:24	Gathering JSON indexes
19/06/2026 13:06:25	Gathering Selective XML indexes
19/06/2026 13:06:25	Gathering encrypted triggers
19/06/2026 13:06:25	Gathering triggers
19/06/2026 13:06:25	Gathering encrypted and clr ddl triggers
19/06/2026 13:06:25	Gathering ddl triggers
19/06/2026 13:06:25	Creating edge constraints
19/06/2026 13:06:25	Gathering synonyms
19/06/2026 13:06:25	Gathering defaults
19/06/2026 13:06:25	Gathering data constraint uddt bindings
19/06/2026 13:06:25	Gathering rules
19/06/2026 13:06:25	Gathering data constraint uddt bindings
19/06/2026 13:06:25	Gathering message types
19/06/2026 13:06:25	Gathering queues
19/06/2026 13:06:25	Gathering contracts
19/06/2026 13:06:25	Gathering services
19/06/2026 13:06:25	Gathering event notifications
19/06/2026 13:06:25	Gathering remote service bindings
19/06/2026 13:06:25	Gathering broker priorities
19/06/2026 13:06:25	Gathering signatures
19/06/2026 13:06:25	Gathering compression options
19/06/2026 13:06:25	Gathering sequence types
19/06/2026 13:06:25	Gathering security policies
19/06/2026 13:06:25	Gather column encryption keys
19/06/2026 13:06:25	Gathering column master keys
19/06/2026 13:06:25	Gathering external data sources
19/06/2026 13:06:25	Gathering external file formats
19/06/2026 13:06:25	Gathering external models
19/06/2026 13:06:25	Gathering external tables
19/06/2026 13:06:25	Gathering XML index compression options
19/06/2026 13:06:25	Gathering extended properties
19/06/2026 13:06:25	Gathering assemblies
19/06/2026 13:06:25	Gathering credentials
19/06/2026 13:06:25	Gathering logins
19/06/2026 13:06:25	Gathering server audits
19/06/2026 13:06:25	Scanning project for duplicate elements
19/06/2026 13:06:25	Finished duplicate element processing
19/06/2026 13:06:25	Finished importing database.
19/06/2026 13:06:25	A summary of the import was saved to the following location: C:\database-cicd-lab\database-cicd-lab\src\AppDb.Database\AppDb.Database\Import Schema Logs\AppDb.Database_20260619120613.log
19/06/2026 13:06:25	Click Finish to continue...
